2026-03-02 23:29:31,093 : INFO : Pipeline started
2026-03-02 23:29:31,097 : INFO : Data loaded successfully
2026-03-02 23:29:31,099 : INFO : Imputed missing credit scores with median
2026-03-02 23:29:31,100 : ERROR : Column missing in dataset : 'credit_scre'
2026-03-02 23:29:31,101 : INFO : Pipeline Complete. Cleaned data saved to: data/processed_loan_customers.csv
2026-03-26 13:45:05,167 : INFO : Pipeline started
2026-03-26 13:45:05,171 : INFO : Data loaded successfully
2026-03-26 13:45:05,172 : INFO : Data validation passed
2026-03-26 13:48:47,124 : INFO : Pipeline started
2026-03-26 13:48:47,126 : INFO : Data loaded successfully
2026-03-26 13:48:47,127 : INFO : Data validation passed
2026-03-26 13:57:37,651 : INFO : Pipeline started
2026-03-26 13:57:37,656 : INFO : Data loaded successfully
2026-03-26 13:57:37,658 : INFO : Data validation passed
2026-03-26 13:57:37,662 : INFO : Pipeline Complete. Cleaned data saved to: data/processed_loan_customers.csv
2026-03-26 14:14:03,640 : INFO : Pipeline started
2026-03-26 14:14:03,653 : INFO : Data loaded successfully
2026-03-26 14:14:03,660 : INFO : Data validation passed
2026-03-26 14:14:03,666 : INFO : Pipeline Complete. Cleaned data saved to: data/processed_loan_customers.csv
2026-03-26 16:35:46,351 : INFO : Pipeline started
2026-03-26 16:35:46,357 : INFO : Data loaded successfully
2026-03-26 16:35:46,359 : INFO : Data validation passed
2026-03-26 16:35:46,360 : INFO : Schema enforcement completed
2026-03-26 16:38:15,023 : INFO : Pipeline started
2026-03-26 16:38:15,032 : INFO : Data loaded successfully
2026-03-26 16:38:15,033 : INFO : Data validation passed
2026-03-26 16:38:15,035 : INFO : Schema enforcement completed
2026-03-26 16:39:43,598 : INFO : Pipeline started
2026-03-26 16:39:43,604 : INFO : Data loaded successfully
2026-03-26 16:39:43,605 : INFO : Data validation passed
2026-03-26 16:39:43,607 : INFO : Schema enforcement completed
2026-03-26 16:39:43,609 : INFO :  credit_score: no nulls found
2026-03-26 16:39:43,609 : INFO :  income: no nulls found
2026-03-26 16:39:43,609 : INFO :  loan_amount: no nulls found
2026-03-26 16:39:43,610 : INFO : Feature engineerng completed.
2026-03-26 16:39:43,612 : INFO : Pipeline Complete. Cleaned data saved to: data/processed_loan_customers.csv
2026-03-28 11:34:23,924 : INFO : Pipeline started
2026-03-28 11:34:23,931 : INFO : Data loaded successfully
2026-03-28 11:34:23,933 : INFO : Data validation passed
2026-03-28 11:34:23,934 : INFO : Schema enforcement completed
2026-03-28 11:34:23,935 : INFO :  credit_score: no nulls found
2026-03-28 11:34:23,935 : INFO :  income: no nulls found
2026-03-28 11:34:23,935 : INFO :  loan_amount: no nulls found
2026-03-28 11:34:23,935 : INFO : Feature engineerng completed.
2026-03-28 11:34:23,937 : INFO : Pipeline Complete. Cleaned data saved to: data/processed_loan_customers.csv
2026-03-28 12:29:40,967 : INFO : Pipeline started
2026-03-28 12:29:41,059 : INFO : Found credentials in shared credentials file: ~/.aws/credentials
2026-03-28 12:29:43,365 : INFO : Data loaded successfully
2026-03-28 12:29:43,367 : INFO : Data validation passed
2026-03-28 12:29:43,370 : INFO : Schema enforcement completed
2026-03-28 12:29:43,371 : INFO :  credit_score: no nulls found
2026-03-28 12:29:43,371 : INFO :  income: no nulls found
2026-03-28 12:29:43,371 : INFO :  loan_amount: no nulls found
2026-03-28 12:29:43,375 : INFO : Feature engineerng completed.
2026-03-28 12:29:43,756 : INFO : Pipeline Complete. Cleaned data saved to: s3://credit-risk-data-sngm/processed/processed_loan_customers.csv
